0 verbose cli /usr/local/bin/node /usr/local/bin/npm
1 info using npm@9.6.7
2 info using node@v18.17.0
3 timing npm:load:whichnode Completed in 2ms
4 timing config:load:defaults Completed in 1ms
5 timing config:load:file:/usr/local/lib/node_modules/npm/npmrc Completed in 6ms
6 timing config:load:builtin Completed in 7ms
7 warn config production Use `--omit=dev` instead.
8 timing config:load:cli Completed in 3ms
9 timing config:load:env Completed in 0ms
10 timing config:load:project Completed in 5ms
11 timing config:load:file:/home/container/.npmrc Completed in 0ms
12 timing config:load:user Completed in 0ms
13 timing config:load:file:/usr/local/etc/npmrc Completed in 1ms
14 timing config:load:global Completed in 1ms
15 timing config:load:setEnvs Completed in 1ms
16 timing config:load Completed in 19ms
17 timing npm:load:configload Completed in 19ms
18 timing npm:load:mkdirpcache Completed in 1ms
19 timing npm:load:mkdirplogs Completed in 0ms
20 verbose title npm install
21 verbose argv "install" "--save" "--production"
22 timing npm:load:setTitle Completed in 1ms
23 timing config:load:flatten Completed in 3ms
24 timing npm:load:display Completed in 4ms
25 verbose logfile logs-max:10 dir:/home/container/.npm/_logs/2023-11-17T11_56_08_854Z-
26 verbose logfile /home/container/.npm/_logs/2023-11-17T11_56_08_854Z-debug-0.log
27 timing npm:load:logFile Completed in 10ms
28 timing npm:load:timers Completed in 0ms
29 timing npm:load:configScope Completed in 0ms
30 timing npm:load Completed in 37ms
31 timing config:load:flatten Completed in 1ms
32 timing arborist:ctor Completed in 0ms
33 silly logfile done cleaning log files
34 timing arborist:ctor Completed in 0ms
35 timing idealTree:init Completed in 18ms
36 timing idealTree:userRequests Completed in 0ms
37 silly idealTree buildDeps
38 timing idealTree:#root Completed in 0ms
39 timing idealTree:buildDeps Completed in 1ms
40 timing idealTree:fixDepFlags Completed in 0ms
41 timing idealTree Completed in 21ms
42 timing reify:loadTrees Completed in 27ms
43 timing reify:diffTrees Completed in 1ms
44 silly reify moves {}
45 timing reify:retireShallow Completed in 2ms
46 timing reify:createSparse Completed in 0ms
47 timing reify:trashOmits Completed in 0ms
48 timing reify:loadBundles Completed in 0ms
49 timing reify:unpack Completed in 0ms
50 timing reify:unretire Completed in 0ms
51 timing build:queue Completed in 0ms
52 timing build:deps Completed in 0ms
53 timing build Completed in 0ms
54 timing reify:build Completed in 0ms
55 timing reify:trash Completed in 0ms
56 timing reify:save Completed in 3ms
57 timing reify Completed in 95ms
58 timing command:install Completed in 99ms
59 verbose stack Error: ENOENT: no such file or directory, open '/home/container/package.json'
60 verbose cwd /home/container
61 verbose Linux 5.4.0-162-generic
62 verbose node v18.17.0
63 verbose npm  v9.6.7
64 error code ENOENT
65 error syscall open
66 error path /home/container/package.json
67 error errno -2
68 error enoent ENOENT: no such file or directory, open '/home/container/package.json'
69 error enoent This is related to npm not being able to find a file.
69 error enoent
70 verbose exit -2
71 timing npm Completed in 324ms
72 verbose code -2
73 error A complete log of this run can be found in: /home/container/.npm/_logs/2023-11-17T11_56_08_854Z-debug-0.log
