0 verbose cli /usr/local/bin/node /usr/local/bin/npm
1 info using npm@9.8.1
2 info using node@v18.19.0
3 timing npm:load:whichnode Completed in 16ms
4 timing config:load:defaults Completed in 4ms
5 timing config:load:file:/usr/local/lib/node_modules/npm/npmrc Completed in 1ms
6 timing config:load:builtin Completed in 1ms
7 timing config:load:cli Completed in 2ms
8 timing config:load:env Completed in 0ms
9 timing config:load:project Completed in 1ms
10 timing config:load:file:/home/container/.npmrc Completed in 0ms
11 timing config:load:user Completed in 0ms
12 timing config:load:file:/usr/local/etc/npmrc Completed in 0ms
13 timing config:load:global Completed in 0ms
14 timing config:load:setEnvs Completed in 1ms
15 timing config:load Completed in 9ms
16 timing npm:load:configload Completed in 9ms
17 timing config:load:flatten Completed in 2ms
18 timing npm:load:mkdirpcache Completed in 1ms
19 timing npm:load:mkdirplogs Completed in 0ms
20 verbose title npm install
21 verbose argv "install"
22 timing npm:load:setTitle Completed in 1ms
23 timing npm:load:display Completed in 0ms
24 verbose logfile logs-max:10 dir:/home/container/.npm/_logs/2023-12-25T17_57_00_133Z-
25 verbose logfile /home/container/.npm/_logs/2023-12-25T17_57_00_133Z-debug-0.log
26 timing npm:load:logFile Completed in 9ms
27 timing npm:load:timers Completed in 1ms
28 timing npm:load:configScope Completed in 0ms
29 timing npm:load Completed in 54ms
30 timing arborist:ctor Completed in 1ms
31 silly logfile start cleaning logs, removing 1 files
32 silly logfile done cleaning log files
33 timing idealTree:init Completed in 185ms
34 timing idealTree:userRequests Completed in 0ms
35 silly idealTree buildDeps
36 timing idealTree:#root Completed in 1ms
37 timing idealTree:buildDeps Completed in 1ms
38 timing idealTree:fixDepFlags Completed in 0ms
39 timing idealTree Completed in 191ms
40 timing arborist:ctor Completed in 0ms
41 timing reify:loadTrees Completed in 278ms
42 timing reify:diffTrees Completed in 6ms
43 silly reify moves {}
44 timing reify:retireShallow Completed in 1ms
45 timing reify:createSparse Completed in 0ms
46 timing reify:loadBundles Completed in 0ms
47 silly audit bulk request {
47 silly audit   '@aws-crypto/ie11-detection': [ '3.0.0' ],
47 silly audit   tslib: [ '1.14.1', '2.5.2' ],
47 silly audit   '@aws-crypto/sha256-browser': [ '3.0.0' ],
47 silly audit   '@aws-crypto/sha256-js': [ '3.0.0' ],
47 silly audit   '@aws-crypto/supports-web-crypto': [ '3.0.0' ],
47 silly audit   '@aws-crypto/util': [ '3.0.0' ],
47 silly audit   '@aws-sdk/abort-controller': [ '3.338.0' ],
47 silly audit   '@aws-sdk/client-cognito-identity': [ '3.338.0' ],
47 silly audit   '@aws-sdk/client-sso': [ '3.338.0' ],
47 silly audit   '@aws-sdk/client-sso-oidc': [ '3.338.0' ],
47 silly audit   '@aws-sdk/client-sts': [ '3.338.0' ],
47 silly audit   '@aws-sdk/config-resolver': [ '3.338.0' ],
47 silly audit   '@aws-sdk/credential-provider-cognito-identity': [ '3.338.0' ],
47 silly audit   '@aws-sdk/credential-provider-env': [ '3.338.0' ],
47 silly audit   '@aws-sdk/credential-provider-imds': [ '3.338.0' ],
47 silly audit   '@aws-sdk/credential-provider-ini': [ '3.338.0' ],
47 silly audit   '@aws-sdk/credential-provider-node': [ '3.338.0' ],
47 silly audit   '@aws-sdk/credential-provider-process': [ '3.338.0' ],
47 silly audit   '@aws-sdk/credential-provider-sso': [ '3.338.0' ],
47 silly audit   '@aws-sdk/credential-provider-web-identity': [ '3.338.0' ],
47 silly audit   '@aws-sdk/credential-providers': [ '3.338.0' ],
47 silly audit   '@aws-sdk/fetch-http-handler': [ '3.338.0' ],
47 silly audit   '@aws-sdk/hash-node': [ '3.338.0' ],
47 silly audit   '@aws-sdk/invalid-dependency': [ '3.338.0' ],
47 silly audit   '@aws-sdk/is-array-buffer': [ '3.310.0' ],
47 silly audit   '@aws-sdk/middleware-content-length': [ '3.338.0' ],
47 silly audit   '@aws-sdk/middleware-endpoint': [ '3.338.0' ],
47 silly audit   '@aws-sdk/middleware-host-header': [ '3.338.0' ],
47 silly audit   '@aws-sdk/middleware-logger': [ '3.338.0' ],
47 silly audit   '@aws-sdk/middleware-recursion-detection': [ '3.338.0' ],
47 silly audit   '@aws-sdk/middleware-retry': [ '3.338.0' ],
47 silly audit   '@aws-sdk/middleware-sdk-sts': [ '3.338.0' ],
47 silly audit   '@aws-sdk/middleware-serde': [ '3.338.0' ],
47 silly audit   '@aws-sdk/middleware-signing': [ '3.338.0' ],
47 silly audit   '@aws-sdk/middleware-stack': [ '3.338.0' ],
47 silly audit   '@aws-sdk/middleware-user-agent': [ '3.338.0' ],
47 silly audit   '@aws-sdk/node-config-provider': [ '3.338.0' ],
47 silly audit   '@aws-sdk/node-http-handler': [ '3.338.0' ],
47 silly audit   '@aws-sdk/property-provider': [ '3.338.0' ],
47 silly audit   '@aws-sdk/protocol-http': [ '3.338.0' ],
47 silly audit   '@aws-sdk/querystring-builder': [ '3.338.0' ],
47 silly audit   '@aws-sdk/querystring-parser': [ '3.338.0' ],
47 silly audit   '@aws-sdk/service-error-classification': [ '3.338.0' ],
47 silly audit   '@aws-sdk/shared-ini-file-loader': [ '3.338.0' ],
47 silly audit   '@aws-sdk/signature-v4': [ '3.338.0' ],
47 silly audit   '@aws-sdk/smithy-client': [ '3.338.0' ],
47 silly audit   '@aws-sdk/token-providers': [ '3.338.0' ],
47 silly audit   '@aws-sdk/types': [ '3.338.0' ],
47 silly audit   '@aws-sdk/url-parser': [ '3.338.0' ],
47 silly audit   '@aws-sdk/util-base64': [ '3.310.0' ],
47 silly audit   '@aws-sdk/util-body-length-browser': [ '3.310.0' ],
47 silly audit   '@aws-sdk/util-body-length-node': [ '3.310.0' ],
47 silly audit   '@aws-sdk/util-buffer-from': [ '3.310.0' ],
47 silly audit   '@aws-sdk/util-config-provider': [ '3.310.0' ],
47 silly audit   '@aws-sdk/util-defaults-mode-browser': [ '3.338.0' ],
47 silly audit   '@aws-sdk/util-defaults-mode-node': [ '3.338.0' ],
47 silly audit   '@aws-sdk/util-endpoints': [ '3.338.0' ],
47 silly audit   '@aws-sdk/util-hex-encoding': [ '3.310.0' ],
47 silly audit   '@aws-sdk/util-locate-window': [ '3.310.0' ],
47 silly audit   '@aws-sdk/util-middleware': [ '3.338.0' ],
47 silly audit   '@aws-sdk/util-retry': [ '3.338.0' ],
47 silly audit   '@aws-sdk/util-uri-escape': [ '3.310.0' ],
47 silly audit   '@aws-sdk/util-user-agent-browser': [ '3.338.0' ],
47 silly audit   '@aws-sdk/util-user-agent-node': [ '3.338.0' ],
47 silly audit   '@aws-sdk/util-utf8': [ '3.310.0' ],
47 silly audit   '@aws-sdk/util-utf8-browser': [ '3.259.0' ],
47 silly audit   '@discordjs/builders': [ '0.16.0' ],
47 silly audit   'discord-api-types': [ '0.36.3', '0.33.5' ],
47 silly audit   '@discordjs/collection': [ '0.7.0' ],
47 silly audit   '@sapphire/async-queue': [ '1.5.0' ],
47 silly audit   '@sapphire/shapeshift': [ '3.9.0' ],
47 silly audit   '@smithy/protocol-http': [ '1.0.1' ],
47 silly audit   '@smithy/types': [ '1.0.0' ],
47 silly audit   '@tootallnate/once': [ '2.0.0' ],
47 silly audit   '@types/node': [ '20.2.4' ],
47 silly audit   '@types/node-fetch': [ '2.6.4' ],
47 silly audit   'form-data': [ '3.0.1', '4.0.0' ],
47 silly audit   '@types/webidl-conversions': [ '7.0.0' ],
47 silly audit   '@types/whatwg-url': [ '8.2.2' ],
47 silly audit   '@types/ws': [ '8.5.4' ],
47 silly audit   abab: [ '2.0.6' ],
47 silly audit   acorn: [ '8.8.2' ],
47 silly audit   'acorn-globals': [ '7.0.1' ],
47 silly audit   'acorn-walk': [ '8.2.0' ],
47 silly audit   'agent-base': [ '6.0.2' ],
47 silly audit   asynckit: [ '0.4.0' ],
47 silly audit   axios: [ '0.27.2' ],
47 silly audit   'balanced-match': [ '1.0.2' ],
47 silly audit   'base64-js': [ '1.5.1' ],
47 silly audit   'bignumber.js': [ '9.0.0' ],
47 silly audit   bowser: [ '2.11.0' ],
47 silly audit   'brace-expansion': [ '1.1.11' ],
47 silly audit   bson: [ '4.7.2' ],
47 silly audit   buffer: [ '5.7.1' ],
47 silly audit   'camel-case': [ '3.0.0' ],
47 silly audit   'clean-css': [ '4.2.4' ],
47 silly audit   'combined-stream': [ '1.0.8' ],
47 silly audit   commander: [ '2.20.3' ],
47 silly audit   'concat-map': [ '0.0.1' ],
47 silly audit   'core-util-is': [ '1.0.3' ],
47 silly audit   cssom: [ '0.5.0', '0.3.8' ],
47 silly audit   cssstyle: [ '2.3.0' ],
47 silly audit   'data-urls': [ '3.0.2' ],
47 silly audit   debug: [ '4.3.4' ],
47 silly audit   ms: [ '2.1.2', '2.1.3' ],
47 silly audit   'decimal.js': [ '10.4.3' ],
47 silly audit   'deep-is': [ '0.1.4' ],
47 silly audit   'delayed-stream': [ '1.0.0' ],
47 silly audit   'discord-html-transcripts': [ '2.6.1' ],
47 silly audit   'discord-modals': [ '1.3.9' ],
47 silly audit   'discord.js': [ '13.16.0' ],
47 silly audit   domexception: [ '4.0.0' ],
47 silly audit   dotenv: [ '16.0.3' ],
47 silly audit   entities: [ '4.5.0' ],
47 silly audit   escodegen: [ '2.0.0' ],
47 silly audit   esprima: [ '4.0.1' ],
47 silly audit   estraverse: [ '5.3.0' ],
47 silly audit   esutils: [ '2.0.3' ],
47 silly audit   'fast-deep-equal': [ '3.1.3' ],
47 silly audit   'fast-levenshtein': [ '2.0.6' ],
47 silly audit   'fast-xml-parser': [ '4.1.2' ],
47 silly audit   'follow-redirects': [ '1.15.2' ],
47 silly audit   'fs.realpath': [ '1.0.0' ],
47 silly audit   glob: [ '7.2.3' ],
47 silly audit   he: [ '1.2.0' ],
47 silly audit   'highlight.js': [ '11.8.0' ],
47 silly audit   'html-encoding-sniffer': [ '3.0.0' ],
47 silly audit   'html-minifier': [ '4.0.0' ],
47 silly audit   'http-proxy-agent': [ '5.0.0' ],
47 silly audit   'https-proxy-agent': [ '5.0.1' ],
47 silly audit   'iconv-lite': [ '0.6.3' ],
47 silly audit   ieee754: [ '1.2.1' ],
47 silly audit   inflight: [ '1.0.6' ],
47 silly audit   inherits: [ '2.0.4' ],
47 silly audit   ip: [ '2.0.0' ],
47 silly audit   'is-potential-custom-element-name': [ '1.0.1' ],
47 silly audit   isarray: [ '1.0.0' ],
47 silly audit   jsdom: [ '20.0.3' ],
47 silly audit   kareem: [ '2.5.1' ],
47 silly audit   levn: [ '0.3.0' ],
47 silly audit   lodash: [ '4.17.21' ],
47 silly audit   'lower-case': [ '1.1.4' ],
47 silly audit   'memory-pager': [ '1.5.0' ],
47 silly audit   'mime-db': [ '1.52.0' ],
47 silly audit   'mime-types': [ '2.1.35' ],
47 silly audit   minimatch: [ '3.1.2' ],
47 silly audit   mongodb: [ '4.16.0' ],
47 silly audit   'mongodb-connection-string-url': [ '2.6.0' ],
47 silly audit   mongoose: [ '6.11.1' ],
47 silly audit   mpath: [ '0.9.0' ],
47 silly audit   mquery: [ '4.0.3' ],
47 silly audit   mysql: [ '2.18.1' ],
47 silly audit   'no-case': [ '2.3.2' ],
47 silly audit   'node-fetch': [ '2.6.11' ],
47 silly audit   tr46: [ '0.0.3', '3.0.0' ],
47 silly audit   'webidl-conversions': [ '3.0.1', '7.0.0' ],
47 silly audit   'whatwg-url': [ '5.0.0', '11.0.0' ],
47 silly audit   nwsapi: [ '2.2.4' ],
47 silly audit   once: [ '1.4.0' ],
47 silly audit   optionator: [ '0.8.3' ],
47 silly audit   'param-case': [ '2.1.1' ],
47 silly audit   parse5: [ '7.1.2' ],
47 silly audit   'path-is-absolute': [ '1.0.1' ],
47 silly audit   'prelude-ls': [ '1.1.2' ],
47 silly audit   'process-nextick-args': [ '2.0.1' ],
47 silly audit   psl: [ '1.9.0' ],
47 silly audit   punycode: [ '2.3.0' ],
47 silly audit   querystringify: [ '2.2.0' ],
47 silly audit   'readable-stream': [ '2.3.7' ],
47 silly audit   relateurl: [ '0.2.7' ],
47 silly audit   'requires-port': [ '1.0.0' ],
47 silly audit   'safe-buffer': [ '5.1.2' ],
47 silly audit   'safer-buffer': [ '2.1.2' ],
47 silly audit   'samp-query': [ '0.1.5' ],
47 silly audit   saslprep: [ '1.0.3' ],
47 silly audit   saxes: [ '6.0.0' ],
47 silly audit   sift: [ '16.0.1' ],
47 silly audit   'smart-buffer': [ '4.2.0' ],
47 silly audit   socks: [ '2.7.1' ],
47 silly audit   'source-map': [ '0.6.1' ],
47 silly audit   'sparse-bitfield': [ '3.0.3' ],
47 silly audit   sqlstring: [ '2.3.1' ],
47 silly audit   string_decoder: [ '1.1.1' ],
47 silly audit   strnum: [ '1.0.5' ],
47 silly audit   'symbol-tree': [ '3.2.4' ],
47 silly audit   'tough-cookie': [ '4.1.2' ],
47 silly audit   'ts-mixer': [ '6.0.3' ],
47 silly audit   'twemoji-parser': [ '14.0.0' ],
47 silly audit   'type-check': [ '0.3.2' ],
47 silly audit   'uglify-js': [ '3.17.4' ],
47 silly audit   universalify: [ '0.2.0' ],
47 silly audit   'upper-case': [ '1.1.3' ],
47 silly audit   'url-parse': [ '1.5.10' ],
47 silly audit   'util-deprecate': [ '1.0.2' ],
47 silly audit   uuid: [ '8.3.2' ],
47 silly audit   'w3c-xmlserializer': [ '4.0.0' ],
47 silly audit   'whatwg-encoding': [ '2.0.0' ],
47 silly audit   'whatwg-mimetype': [ '3.0.0' ],
47 silly audit   'word-wrap': [ '1.2.3' ],
47 silly audit   wrappy: [ '1.0.2' ],
47 silly audit   ws: [ '8.13.0' ],
47 silly audit   'xml-name-validator': [ '4.0.0' ],
47 silly audit   xmlchars: [ '2.2.0' ]
47 silly audit }
48 timing reify:unpack Completed in 2ms
49 timing reify:unretire Completed in 0ms
50 timing build:queue Completed in 0ms
51 timing build:deps Completed in 0ms
52 timing build Completed in 1ms
53 timing reify:build Completed in 1ms
54 timing reify:trash Completed in 0ms
55 timing reify:save Completed in 76ms
56 http fetch POST 200 https://registry.npmjs.org/-/npm/v1/security/advisories/bulk 393ms
57 timing auditReport:getReport Completed in 399ms
58 silly audit report {
58 silly audit report   axios: [
58 silly audit report     {
58 silly audit report       id: 1094889,
58 silly audit report       url: 'https://github.com/advisories/GHSA-wf5p-g6vw-rhxx',
58 silly audit report       title: 'Axios Cross-Site Request Forgery Vulnerability',
58 silly audit report       severity: 'moderate',
58 silly audit report       vulnerable_versions: '>=0.8.1 <1.6.0',
58 silly audit report       cwe: [Array],
58 silly audit report       cvss: [Object]
58 silly audit report     }
58 silly audit report   ],
58 silly audit report   'fast-xml-parser': [
58 silly audit report     {
58 silly audit report       id: 1095017,
58 silly audit report       url: 'https://github.com/advisories/GHSA-6w63-h3fj-q4vw',
58 silly audit report       title: 'fast-xml-parser vulnerable to Regex Injection via Doctype Entities',
58 silly audit report       severity: 'high',
58 silly audit report       vulnerable_versions: '<4.2.4',
58 silly audit report       cwe: [Array],
58 silly audit report       cvss: [Object]
58 silly audit report     }
58 silly audit report   ],
58 silly audit report   mongodb: [
58 silly audit report     {
58 silly audit report       id: 1094774,
58 silly audit report       url: 'https://github.com/advisories/GHSA-vxvm-qww3-2fh7',
58 silly audit report       title: 'MongoDB Driver may publish events containing authentication-related data',
58 silly audit report       severity: 'moderate',
58 silly audit report       vulnerable_versions: '>=4.0.0 <4.17.0',
58 silly audit report       cwe: [Array],
58 silly audit report       cvss: [Object]
58 silly audit report     }
58 silly audit report   ],
58 silly audit report   mongoose: [
58 silly audit report     {
58 silly audit report       id: 1095081,
58 silly audit report       url: 'https://github.com/advisories/GHSA-9m93-w8w6-76hh',
58 silly audit report       title: 'Mongoose Prototype Pollution vulnerability',
58 silly audit report       severity: 'critical',
58 silly audit report       vulnerable_versions: '>=6.0.0 <6.11.3',
58 silly audit report       cwe: [Array],
58 silly audit report       cvss: [Object]
58 silly audit report     }
58 silly audit report   ],
58 silly audit report   'tough-cookie': [
58 silly audit report     {
58 silly audit report       id: 1095102,
58 silly audit report       url: 'https://github.com/advisories/GHSA-72xf-g2v4-qvf3',
58 silly audit report       title: 'tough-cookie Prototype Pollution vulnerability',
58 silly audit report       severity: 'moderate',
58 silly audit report       vulnerable_versions: '<4.1.3',
58 silly audit report       cwe: [Array],
58 silly audit report       cvss: [Object]
58 silly audit report     }
58 silly audit report   ],
58 silly audit report   'word-wrap': [
58 silly audit report     {
58 silly audit report       id: 1095091,
58 silly audit report       url: 'https://github.com/advisories/GHSA-j8xg-fqg3-53r7',
58 silly audit report       title: 'word-wrap vulnerable to Regular Expression Denial of Service',
58 silly audit report       severity: 'moderate',
58 silly audit report       vulnerable_versions: '<1.2.4',
58 silly audit report       cwe: [Array],
58 silly audit report       cvss: [Object]
58 silly audit report     }
58 silly audit report   ]
58 silly audit report }
59 timing metavuln:cache:get:security-advisory:axios:Jphyrph0xSBoV7rAKQ5sxe+Zizq65vm72MJltviDtKidjsZwX/gC36j+hz03tZ86vHMEkACxqA4FcmoDJt5vmg== Completed in 19ms
60 timing metavuln:cache:get:security-advisory:fast-xml-parser:aTyMxakRnyWWMEoJ1Ex6vxJ0XL/9Q64C0d5uz9Z1PmFGlabWwrPgqd/fUU/EEgmd4SvDe4BHdOq2xQ0Ee365aw== Completed in 19ms
61 timing metavuln:cache:get:security-advisory:mongodb:CldKZw3Jgliv6dG/f58xFMjmGx4ZxRTYPrn+G2r7VPPHvLPidzcrjFjNbkP4kWhz55LH9nqSn1iJetvlmRMYJw== Completed in 18ms
62 timing metavuln:cache:get:security-advisory:mongoose:GlI/umlkIS4hOh3EjUZDUNrMm+E/LcdW4fYuWJrv/hRyxO5zqCYw0pNEutJ+hhAJ7YYOBAvoP3m5kcJ2CQrYkw== Completed in 18ms
63 timing metavuln:cache:get:security-advisory:tough-cookie:wWt7slzqumCOy+eBzh02NxczD2Ro629xuSO1o/Sam3nNJuHEhzggtsM/Z0K8BzRHAaxdURGMPCPOYGj4sGWquQ== Completed in 17ms
64 timing metavuln:cache:get:security-advisory:word-wrap:KsI0N1m15Rt6tEZu1EDy6byAPYGo9k6gf5vUtxXQhGu5Snvftcd9klOfEjZk/al0ffowP1mOrgveD8ncFA/ntA== Completed in 17ms
65 http fetch GET 200 https://registry.npmjs.org/axios 49ms (cache revalidated)
66 timing metavuln:packument:axios Completed in 52ms
67 timing metavuln:load:security-advisory:axios:1094889 Completed in 1ms
68 timing metavuln:calculate:security-advisory:axios:1094889 Completed in 54ms
69 http fetch GET 200 https://registry.npmjs.org/mongodb 61ms (cache revalidated)
70 timing metavuln:packument:mongodb Completed in 67ms
71 timing metavuln:load:security-advisory:mongodb:1094774 Completed in 2ms
72 timing metavuln:calculate:security-advisory:mongodb:1094774 Completed in 69ms
73 http fetch GET 200 https://registry.npmjs.org/mongoose 72ms (cache revalidated)
74 timing metavuln:packument:mongoose Completed in 83ms
75 timing metavuln:load:security-advisory:mongoose:1095081 Completed in 12ms
76 timing metavuln:calculate:security-advisory:mongoose:1095081 Completed in 95ms
77 http fetch GET 200 https://registry.npmjs.org/fast-xml-parser 100ms (cache revalidated)
78 timing metavuln:packument:fast-xml-parser Completed in 102ms
79 timing metavuln:load:security-advisory:fast-xml-parser:1095017 Completed in 2ms
80 timing metavuln:calculate:security-advisory:fast-xml-parser:1095017 Completed in 104ms
81 http fetch GET 200 https://registry.npmjs.org/tough-cookie 102ms (cache revalidated)
82 timing metavuln:packument:tough-cookie Completed in 103ms
83 timing metavuln:load:security-advisory:tough-cookie:1095102 Completed in 0ms
84 timing metavuln:calculate:security-advisory:tough-cookie:1095102 Completed in 103ms
85 http fetch GET 200 https://registry.npmjs.org/word-wrap 886ms (cache revalidated)
86 timing metavuln:packument:word-wrap Completed in 886ms
87 timing metavuln:load:security-advisory:word-wrap:1095091 Completed in 0ms
88 timing metavuln:calculate:security-advisory:word-wrap:1095091 Completed in 887ms
89 timing metavuln:cache:get:security-advisory:discord-html-transcripts:trqhgalItqd57g4oNxXUUQKKKiPo65DdXbIkC/JaxLlP5RLyrE6qu8BJLNrZ4EOyFAL2x1Sl1Q+04DOVRCVXMg== Completed in 5ms
90 http fetch GET 200 https://registry.npmjs.org/discord-html-transcripts 853ms (cache revalidated)
91 timing metavuln:packument:discord-html-transcripts Completed in 854ms
92 timing metavuln:load:security-advisory:discord-html-transcripts:Jphyrph0xSBoV7rAKQ5sxe+Zizq65vm72MJltviDtKidjsZwX/gC36j+hz03tZ86vHMEkACxqA4FcmoDJt5vmg== Completed in 0ms
93 timing metavuln:calculate:security-advisory:discord-html-transcripts:Jphyrph0xSBoV7rAKQ5sxe+Zizq65vm72MJltviDtKidjsZwX/gC36j+hz03tZ86vHMEkACxqA4FcmoDJt5vmg== Completed in 855ms
94 timing metavuln:cache:get:security-advisory:@aws-sdk/client-sts:TMZsp/eM07nZOerAYFwRgUfdI5jdShcPqUwlmf6GR3eE7EugVsSJFlMiFlSRi243Ii12Ir6VDgmstS6u454Mvg== Completed in 2ms
95 http fetch GET 200 https://registry.npmjs.org/@aws-sdk%2fclient-sts 53ms (cache revalidated)
96 timing metavuln:packument:@aws-sdk/client-sts Completed in 59ms
97 timing metavuln:load:security-advisory:@aws-sdk/client-sts:aTyMxakRnyWWMEoJ1Ex6vxJ0XL/9Q64C0d5uz9Z1PmFGlabWwrPgqd/fUU/EEgmd4SvDe4BHdOq2xQ0Ee365aw== Completed in 9ms
98 timing metavuln:calculate:security-advisory:@aws-sdk/client-sts:aTyMxakRnyWWMEoJ1Ex6vxJ0XL/9Q64C0d5uz9Z1PmFGlabWwrPgqd/fUU/EEgmd4SvDe4BHdOq2xQ0Ee365aw== Completed in 69ms
99 timing metavuln:cache:get:security-advisory:mongoose:PQ3a4R2MKGIe09z0A2MtfSPSOHed7y7ln6bGSX2HxBt7lfHoQDj0Y+O1ZwsTZvuRWL2f3zTKw0Q+j5OldPwPYA== Completed in 2ms
100 timing metavuln:load:security-advisory:mongoose:CldKZw3Jgliv6dG/f58xFMjmGx4ZxRTYPrn+G2r7VPPHvLPidzcrjFjNbkP4kWhz55LH9nqSn1iJetvlmRMYJw== Completed in 2ms
101 timing metavuln:calculate:security-advisory:mongoose:CldKZw3Jgliv6dG/f58xFMjmGx4ZxRTYPrn+G2r7VPPHvLPidzcrjFjNbkP4kWhz55LH9nqSn1iJetvlmRMYJw== Completed in 5ms
102 timing metavuln:cache:get:security-advisory:jsdom:4KR28mPLX16HcCanDiWAO0ejugA5B9hJmi6aAhXf9tgmKQyutQSQU/n5lJg9HOQjTJohi3dNCI9QYyl4ob2zvQ== Completed in 2ms
103 http fetch GET 200 https://registry.npmjs.org/jsdom 33ms (cache revalidated)
104 timing metavuln:packument:jsdom Completed in 36ms
105 timing metavuln:load:security-advisory:jsdom:wWt7slzqumCOy+eBzh02NxczD2Ro629xuSO1o/Sam3nNJuHEhzggtsM/Z0K8BzRHAaxdURGMPCPOYGj4sGWquQ== Completed in 1ms
106 timing metavuln:calculate:security-advisory:jsdom:wWt7slzqumCOy+eBzh02NxczD2Ro629xuSO1o/Sam3nNJuHEhzggtsM/Z0K8BzRHAaxdURGMPCPOYGj4sGWquQ== Completed in 38ms
107 timing metavuln:cache:get:security-advisory:optionator:/960sUo/6A36MG91x/KDKvQmrtWNnYImhDzVHB/xKRxGBVSTtX/fw2U457HYAiqgvl/7p2Ad8tcuOOIdIZG01Q== Completed in 3ms
108 http fetch GET 200 https://registry.npmjs.org/optionator 28ms (cache revalidated)
109 timing metavuln:packument:optionator Completed in 28ms
110 timing metavuln:load:security-advisory:optionator:KsI0N1m15Rt6tEZu1EDy6byAPYGo9k6gf5vUtxXQhGu5Snvftcd9klOfEjZk/al0ffowP1mOrgveD8ncFA/ntA== Completed in 0ms
111 timing metavuln:calculate:security-advisory:optionator:KsI0N1m15Rt6tEZu1EDy6byAPYGo9k6gf5vUtxXQhGu5Snvftcd9klOfEjZk/al0ffowP1mOrgveD8ncFA/ntA== Completed in 28ms
112 timing metavuln:cache:get:security-advisory:@aws-sdk/client-cognito-identity:pbWrEVC2ZgqEQ5dsXlAHqjaiRJj5zCCCP719JlFTSvL17dogO3VHxawBQTUXgDI/VgLTSf6GjWeH37e+sb6+ug== Completed in 4ms
113 timing metavuln:cache:get:security-advisory:@aws-sdk/credential-providers:3ytB9zDI2Oy023MGHSRyh9GYojCZKkijpvpWRxcSUFUfJbI9ztVStvbDmedn5qXt5N4+I4GpOq43dkjJIZaD0w== Completed in 3ms
114 http fetch GET 200 https://registry.npmjs.org/@aws-sdk%2fcredential-providers 228ms (cache revalidated)
115 timing metavuln:packument:@aws-sdk/credential-providers Completed in 230ms
116 timing metavuln:load:security-advisory:@aws-sdk/credential-providers:TMZsp/eM07nZOerAYFwRgUfdI5jdShcPqUwlmf6GR3eE7EugVsSJFlMiFlSRi243Ii12Ir6VDgmstS6u454Mvg== Completed in 1ms
117 timing metavuln:calculate:security-advisory:@aws-sdk/credential-providers:TMZsp/eM07nZOerAYFwRgUfdI5jdShcPqUwlmf6GR3eE7EugVsSJFlMiFlSRi243Ii12Ir6VDgmstS6u454Mvg== Completed in 231ms
118 http fetch GET 200 https://registry.npmjs.org/@aws-sdk%2fclient-cognito-identity 866ms (cache revalidated)
119 timing metavuln:packument:@aws-sdk/client-cognito-identity Completed in 871ms
120 timing metavuln:load:security-advisory:@aws-sdk/client-cognito-identity:TMZsp/eM07nZOerAYFwRgUfdI5jdShcPqUwlmf6GR3eE7EugVsSJFlMiFlSRi243Ii12Ir6VDgmstS6u454Mvg== Completed in 3ms
121 timing metavuln:calculate:security-advisory:@aws-sdk/client-cognito-identity:TMZsp/eM07nZOerAYFwRgUfdI5jdShcPqUwlmf6GR3eE7EugVsSJFlMiFlSRi243Ii12Ir6VDgmstS6u454Mvg== Completed in 874ms
122 timing metavuln:cache:get:security-advisory:mongodb:2y0J1k/hzwTR+XRLmq2+Ku+c0JsUKexFNHeblqpEpPfqJt0AS51hYcMaOQCXXaGLoHYt9gWk97s9q35Am35aTA== Completed in 1ms
123 timing metavuln:load:security-advisory:mongodb:3ytB9zDI2Oy023MGHSRyh9GYojCZKkijpvpWRxcSUFUfJbI9ztVStvbDmedn5qXt5N4+I4GpOq43dkjJIZaD0w== Completed in 1ms
124 timing metavuln:calculate:security-advisory:mongodb:3ytB9zDI2Oy023MGHSRyh9GYojCZKkijpvpWRxcSUFUfJbI9ztVStvbDmedn5qXt5N4+I4GpOq43dkjJIZaD0w== Completed in 2ms
125 timing metavuln:cache:get:security-advisory:@aws-sdk/credential-provider-cognito-identity:GyweL1QoapUIuOsrpeV+NLXXJqbc4GNZGbQlKbwE3aiTg6RKrsQzKZsxUQc5pYJCILVGb6/dPV64xYKeEvQfyA== Completed in 4ms
126 timing metavuln:cache:get:security-advisory:@aws-sdk/credential-providers:qEDuwFKiKR4yZ5+YSBt6AuSnXb8Oe7iWsyFbcFGK6Pjavb4GpEt8Swf4j8CpKsW/K77yg2Z0naN7RD/4cd1I3g== Completed in 2ms
127 timing metavuln:load:security-advisory:@aws-sdk/credential-providers:pbWrEVC2ZgqEQ5dsXlAHqjaiRJj5zCCCP719JlFTSvL17dogO3VHxawBQTUXgDI/VgLTSf6GjWeH37e+sb6+ug== Completed in 0ms
128 timing metavuln:calculate:security-advisory:@aws-sdk/credential-providers:pbWrEVC2ZgqEQ5dsXlAHqjaiRJj5zCCCP719JlFTSvL17dogO3VHxawBQTUXgDI/VgLTSf6GjWeH37e+sb6+ug== Completed in 3ms
129 http fetch GET 200 https://registry.npmjs.org/@aws-sdk%2fcredential-provider-cognito-identity 246ms (cache revalidated)
130 timing metavuln:packument:@aws-sdk/credential-provider-cognito-identity Completed in 249ms
131 timing metavuln:load:security-advisory:@aws-sdk/credential-provider-cognito-identity:pbWrEVC2ZgqEQ5dsXlAHqjaiRJj5zCCCP719JlFTSvL17dogO3VHxawBQTUXgDI/VgLTSf6GjWeH37e+sb6+ug== Completed in 1ms
132 timing metavuln:calculate:security-advisory:@aws-sdk/credential-provider-cognito-identity:pbWrEVC2ZgqEQ5dsXlAHqjaiRJj5zCCCP719JlFTSvL17dogO3VHxawBQTUXgDI/VgLTSf6GjWeH37e+sb6+ug== Completed in 251ms
133 timing metavuln:cache:get:security-advisory:@aws-sdk/credential-providers:gBKLi2baB2+4ESjah/TfMbMgIhpwz+N6ltWY8Z9ixUInZt5sY1jzjhmuVLfJKsLsdVk0x9bSh9tsjdFu1pmzJw== Completed in 1ms
134 timing metavuln:load:security-advisory:@aws-sdk/credential-providers:GyweL1QoapUIuOsrpeV+NLXXJqbc4GNZGbQlKbwE3aiTg6RKrsQzKZsxUQc5pYJCILVGb6/dPV64xYKeEvQfyA== Completed in 4ms
135 timing metavuln:calculate:security-advisory:@aws-sdk/credential-providers:GyweL1QoapUIuOsrpeV+NLXXJqbc4GNZGbQlKbwE3aiTg6RKrsQzKZsxUQc5pYJCILVGb6/dPV64xYKeEvQfyA== Completed in 5ms
136 timing auditReport:init Completed in 3039ms
137 timing reify:audit Completed in 3439ms
138 timing reify Completed in 3730ms
139 timing command:install Completed in 3822ms
140 verbose exit 0
141 timing npm Completed in 4064ms
142 info ok
